  tets.cpp
e:\学习\vs2017\github项目\-\stl\stl\vector.h(103): warning C4018: “<”: 有符号/无符号不匹配
  e:\学习\vs2017\github项目\-\stl\stl\vector.h(97): note: 编译 类 模板 成员函数 "void bite::vector<int>::resize(size_t,const T &)" 时
          with
          [
              T=int
          ]
  e:\学习\vs2017\github项目\-\stl\stl\vector.h(279): note: 参见对正在编译的函数 模板 实例化“void bite::vector<int>::resize(size_t,const T &)”的引用
          with
          [
              T=int
          ]
  e:\学习\vs2017\github项目\-\stl\stl\vector.h(226): note: 参见对正在编译的 类 模板 实例化 "bite::vector<int>" 的引用
e:\学习\vs2017\github项目\-\stl\stl\vector.h(58): warning C4018: “<”: 有符号/无符号不匹配
  e:\学习\vs2017\github项目\-\stl\stl\vector.h(52): note: 编译 类 模板 成员函数 "bite::vector<int> &bite::vector<int>::operator =(const bite::vector<int> &)" 时
  e:\学习\vs2017\github项目\-\stl\stl\vector.h(274): note: 参见对正在编译的函数 模板 实例化“bite::vector<int> &bite::vector<int>::operator =(const bite::vector<int> &)”的引用
e:\学习\vs2017\github项目\-\stl\stl\vector.h(27): warning C4018: “<”: 有符号/无符号不匹配
  e:\学习\vs2017\github项目\-\stl\stl\vector.h(25): note: 编译 类 模板 成员函数 "bite::vector<int>::vector(const bite::vector<int> &)" 时
  e:\学习\vs2017\github项目\-\stl\stl\vector.h(230): note: 参见对正在编译的函数 模板 实例化“bite::vector<int>::vector(const bite::vector<int> &)”的引用
e:\学习\vs2017\github项目\-\stl\stl\vector.h(42): error C3861: “distace”: 找不到标识符
  e:\学习\vs2017\github项目\-\stl\stl\vector.h(42): note: “distace”: 函数未在模板定义上下文中声明，只能通过实例化上下文中参数相关的查找找到
  e:\学习\vs2017\github项目\-\stl\stl\vector.h(227): note: 参见对正在编译的函数 模板 实例化“bite::vector<int>::vector<int>(Iterator,Iterator)”的引用
          with
          [
              Iterator=int
          ]
  e:\学习\vs2017\github项目\-\stl\stl\vector.h(227): note: 参见对正在编译的函数 模板 实例化“bite::vector<int>::vector<int>(Iterator,Iterator)”的引用
          with
          [
              Iterator=int
          ]
e:\学习\vs2017\github项目\-\stl\stl\vector.h(46): error C2100: 非法的间接寻址
